[ 2017-01-07T07:53:46+08:00 ]E_ERROR: Class 'system\model\User' not found(E_ERROR)/www/hdcms/app/system/controller/Entry.php (58).
[ 2017-01-07T07:55:14+08:00 ]E_ERROR: Class 'system\model\User' not found(E_ERROR)/www/hdcms/app/system/controller/Entry.php (58).
[ 2017-01-07T07:55:16+08:00 ]E_ERROR: Class 'system\model\User' not found(E_ERROR)/www/hdcms/app/system/controller/Entry.php (58).
[ 2017-01-07T07:55:48+08:00 ]E_ERROR: Class 'system\model\User' not found(E_ERROR)/www/hdcms/app/system/controller/Entry.php (58).
[ 2017-01-07T07:55:49+08:00 ]E_ERROR: Class 'system\model\User' not found(E_ERROR)/www/hdcms/app/system/controller/Entry.php (58).
[ 2017-01-07T07:56:21+08:00 ]E_ERROR: Class 'system\model\User' not found(E_ERROR)/www/hdcms/app/system/controller/Entry.php (58).
[ 2017-01-07T07:56:22+08:00 ]E_ERROR: Class 'system\model\User' not found(E_ERROR)/www/hdcms/app/system/controller/Entry.php (58).
[ 2017-01-07T07:56:22+08:00 ]E_ERROR: Class 'system\model\User' not found(E_ERROR)/www/hdcms/app/system/controller/Entry.php (58).
[ 2017-01-07T07:56:52+08:00 ]E_ERROR: Class 'hdphp\model\Model' not found(E_ERROR)/www/hdcms/system/model/User.php (20).
[ 2017-01-07T07:57:21+08:00 ]E_ERROR: Class 'hdphp\model\Model' not found(E_ERROR)/www/hdcms/system/model/User.php (20).
[ 2017-01-07T07:57:23+08:00 ]E_ERROR: Class 'hdphp\model\Model' not found(E_ERROR)/www/hdcms/system/model/User.php (20).
[ 2017-01-07T07:57:23+08:00 ]E_ERROR: Class 'hdphp\model\Model' not found(E_ERROR)/www/hdcms/system/model/User.php (20).
[ 2017-01-07T07:57:34+08:00 ]EXCEPTION: show columns from user ;BindParams:array (
)42S02;1146;Table 'hdphp3.user' doesn't exist
[ 2017-01-07T07:57:55+08:00 ]EXCEPTION: show columns from user ;BindParams:array (
)42S02;1146;Table 'hdcms.user' doesn't exist
[ 2017-01-07T07:57:56+08:00 ]EXCEPTION: show columns from user ;BindParams:array (
)42S02;1146;Table 'hdcms.user' doesn't exist
[ 2017-01-07T07:57:56+08:00 ]EXCEPTION: show columns from user ;BindParams:array (
)42S02;1146;Table 'hdcms.user' doesn't exist
[ 2017-01-07T07:58:02+08:00 ]E_NOTICE: Undefined index: from(8)/www/hdcms/storage/view/compile/app_system_view_entry_login_php_1aa59.php (71).
[ 2017-01-07T17:00:10+08:00 ]E_NOTICE: Undefined index: from(8)/www/hdcms/storage/view/compile/app_system_view_entry_login_php_1aa59.php (71).
[ 2017-01-07T17:00:22+08:00 ]E_NOTICE: Undefined index: from(8)/www/hdcms/storage/view/compile/app_system_view_entry_login_php_1aa59.php (71).
[ 2017-01-07T17:30:12+08:00 ]E_NOTICE: Undefined index: from(8)/www/hdcms/storage/view/compile/app_system_view_entry_login_php_1aa59.php (71).
[ 2017-01-07T17:33:27+08:00 ]E_NOTICE: Undefined index: from(8)/www/hdcms/storage/view/compile/app_system_view_entry_login_php_1aa59.php (71).
[ 2017-01-07T17:33:28+08:00 ]E_NOTICE: Undefined index: from(8)/www/hdcms/storage/view/compile/app_system_view_entry_login_php_1aa59.php (71).
[ 2017-01-07T17:40:46+08:00 ]E_NOTICE: Undefined index: from(8)/www/hdcms/storage/view/compile/app_system_view_entry_login_php_1aa59.php (71).
[ 2017-01-07T17:40:47+08:00 ]E_NOTICE: Undefined index: from(8)/www/hdcms/storage/view/compile/app_system_view_entry_login_php_1aa59.php (71).
[ 2017-01-07T17:40:47+08:00 ]E_NOTICE: Undefined index: from(8)/www/hdcms/storage/view/compile/app_system_view_entry_login_php_1aa59.php (71).
[ 2017-01-07T17:40:48+08:00 ]E_NOTICE: Undefined index: from(8)/www/hdcms/storage/view/compile/app_system_view_entry_login_php_1aa59.php (71).
[ 2017-01-07T17:41:11+08:00 ]E_NOTICE: Undefined index: from(8)/www/hdcms/storage/view/compile/app_system_view_entry_login_php_1aa59.php (70).
[ 2017-01-07T17:41:12+08:00 ]E_NOTICE: Undefined index: from(8)/www/hdcms/storage/view/compile/app_system_view_entry_login_php_1aa59.php (70).
[ 2017-01-07T17:41:12+08:00 ]E_NOTICE: Undefined index: from(8)/www/hdcms/storage/view/compile/app_system_view_entry_login_php_1aa59.php (70).
[ 2017-01-07T17:41:22+08:00 ]E_NOTICE: Undefined index: from(8)/www/hdcms/storage/view/compile/app_system_view_entry_login_php_1aa59.php (70).
[ 2017-01-07T17:41:23+08:00 ]E_NOTICE: Undefined index: from(8)/www/hdcms/storage/view/compile/app_system_view_entry_login_php_1aa59.php (70).
[ 2017-01-07T17:41:24+08:00 ]E_NOTICE: Undefined index: from(8)/www/hdcms/storage/view/compile/app_system_view_entry_login_php_1aa59.php (70).
[ 2017-01-07T17:43:03+08:00 ]E_NOTICE: Undefined index: from(8)/www/hdcms/storage/view/compile/app_system_view_entry_login_php_1aa59.php (70).
[ 2017-01-07T17:43:04+08:00 ]E_NOTICE: Undefined index: from(8)/www/hdcms/storage/view/compile/app_system_view_entry_login_php_1aa59.php (70).
[ 2017-01-07T17:43:04+08:00 ]E_NOTICE: Undefined index: from(8)/www/hdcms/storage/view/compile/app_system_view_entry_login_php_1aa59.php (70).
[ 2017-01-07T17:43:04+08:00 ]E_NOTICE: Undefined index: from(8)/www/hdcms/storage/view/compile/app_system_view_entry_login_php_1aa59.php (70).
[ 2017-01-07T17:43:05+08:00 ]E_NOTICE: Undefined index: from(8)/www/hdcms/storage/view/compile/app_system_view_entry_login_php_1aa59.php (70).
[ 2017-01-07T17:43:48+08:00 ]E_NOTICE: Undefined index: from(8)/www/hdcms/storage/view/compile/app_system_view_entry_login_php_1aa59.php (70).
[ 2017-01-07T17:43:49+08:00 ]E_NOTICE: Undefined index: from(8)/www/hdcms/storage/view/compile/app_system_view_entry_login_php_1aa59.php (70).
[ 2017-01-07T17:43:57+08:00 ]E_NOTICE: Undefined index: from(8)/www/hdcms/storage/view/compile/app_system_view_entry_login_php_1aa59.php (70).
[ 2017-01-07T17:44:16+08:00 ]E_NOTICE: Undefined index: from(8)/www/hdcms/storage/view/compile/app_system_view_entry_login_php_1aa59.php (70).
[ 2017-01-07T17:44:16+08:00 ]E_NOTICE: Undefined index: from(8)/www/hdcms/storage/view/compile/app_system_view_entry_login_php_1aa59.php (70).
[ 2017-01-07T17:44:47+08:00 ]E_NOTICE: Undefined index: from(8)/www/hdcms/storage/view/compile/app_system_view_entry_login_php_1aa59.php (70).
[ 2017-01-07T17:45:26+08:00 ]E_ERROR: Call to undefined function app\system\controller\service()(E_ERROR)/www/hdcms/app/system/controller/Entry.php (23).
[ 2017-01-07T17:45:29+08:00 ]E_NOTICE: Undefined index: from(8)/www/hdcms/storage/view/compile/app_system_view_entry_login_php_1aa59.php (70).
[ 2017-01-07T17:45:29+08:00 ]E_NOTICE: Undefined index: from(8)/www/hdcms/storage/view/compile/app_system_view_entry_login_php_1aa59.php (70).
[ 2017-01-07T17:45:45+08:00 ]E_NOTICE: Undefined index: from(8)/www/hdcms/storage/view/compile/app_system_view_entry_login_php_1aa59.php (70).
[ 2017-01-07T17:45:46+08:00 ]E_NOTICE: Undefined index: from(8)/www/hdcms/storage/view/compile/app_system_view_entry_login_php_1aa59.php (70).
[ 2017-01-07T17:45:47+08:00 ]E_NOTICE: Undefined index: from(8)/www/hdcms/storage/view/compile/app_system_view_entry_login_php_1aa59.php (70).
[ 2017-01-07T17:45:47+08:00 ]E_NOTICE: Undefined index: from(8)/www/hdcms/storage/view/compile/app_system_view_entry_login_php_1aa59.php (70).
[ 2017-01-07T17:45:58+08:00 ]E_NOTICE: Undefined index: from(8)/www/hdcms/storage/view/compile/app_system_view_entry_login_php_1aa59.php (70).
[ 2017-01-07T17:45:59+08:00 ]E_NOTICE: Undefined index: from(8)/www/hdcms/storage/view/compile/app_system_view_entry_login_php_1aa59.php (70).
[ 2017-01-07T17:46:07+08:00 ]E_NOTICE: Undefined index: from(8)/www/hdcms/storage/view/compile/app_system_view_entry_login_php_1aa59.php (70).
[ 2017-01-07T17:46:08+08:00 ]E_NOTICE: Undefined index: from(8)/www/hdcms/storage/view/compile/app_system_view_entry_login_php_1aa59.php (70).
[ 2017-01-07T17:46:08+08:00 ]E_NOTICE: Undefined index: from(8)/www/hdcms/storage/view/compile/app_system_view_entry_login_php_1aa59.php (70).
[ 2017-01-07T17:46:08+08:00 ]E_NOTICE: Undefined index: from(8)/www/hdcms/storage/view/compile/app_system_view_entry_login_php_1aa59.php (70).
[ 2017-01-07T17:46:08+08:00 ]E_NOTICE: Undefined index: from(8)/www/hdcms/storage/view/compile/app_system_view_entry_login_php_1aa59.php (70).
[ 2017-01-07T17:46:15+08:00 ]E_NOTICE: Undefined index: from(8)/www/hdcms/storage/view/compile/app_system_view_entry_login_php_1aa59.php (70).
[ 2017-01-07T17:47:04+08:00 ]E_NOTICE: Undefined index: from(8)/www/hdcms/storage/view/compile/app_system_view_entry_login_php_1aa59.php (70).
[ 2017-01-07T17:47:04+08:00 ]E_NOTICE: Undefined index: from(8)/www/hdcms/storage/view/compile/app_system_view_entry_login_php_1aa59.php (70).
[ 2017-01-07T17:47:05+08:00 ]E_NOTICE: Undefined index: from(8)/www/hdcms/storage/view/compile/app_system_view_entry_login_php_1aa59.php (70).
[ 2017-01-07T17:47:05+08:00 ]E_NOTICE: Undefined index: from(8)/www/hdcms/storage/view/compile/app_system_view_entry_login_php_1aa59.php (70).
[ 2017-01-07T17:47:07+08:00 ]E_NOTICE: Undefined index: from(8)/www/hdcms/storage/view/compile/app_system_view_entry_login_php_1aa59.php (70).
[ 2017-01-07T17:47:08+08:00 ]E_NOTICE: Undefined index: from(8)/www/hdcms/storage/view/compile/app_system_view_entry_login_php_1aa59.php (70).
[ 2017-01-07T17:47:12+08:00 ]E_NOTICE: Undefined index: from(8)/www/hdcms/storage/view/compile/app_system_view_entry_login_php_1aa59.php (70).
[ 2017-01-07T17:47:28+08:00 ]E_NOTICE: Undefined index: from(8)/www/hdcms/storage/view/compile/app_system_view_entry_login_php_1aa59.php (70).
[ 2017-01-07T17:47:28+08:00 ]E_NOTICE: Undefined index: from(8)/www/hdcms/storage/view/compile/app_system_view_entry_login_php_1aa59.php (70).
[ 2017-01-07T17:47:29+08:00 ]E_NOTICE: Undefined index: from(8)/www/hdcms/storage/view/compile/app_system_view_entry_login_php_1aa59.php (70).
[ 2017-01-07T17:47:29+08:00 ]E_NOTICE: Undefined index: from(8)/www/hdcms/storage/view/compile/app_system_view_entry_login_php_1aa59.php (70).
[ 2017-01-07T17:47:29+08:00 ]E_NOTICE: Undefined index: from(8)/www/hdcms/storage/view/compile/app_system_view_entry_login_php_1aa59.php (70).
[ 2017-01-07T17:47:37+08:00 ]E_NOTICE: Undefined index: from(8)/www/hdcms/storage/view/compile/app_system_view_entry_login_php_1aa59.php (70).
[ 2017-01-07T17:47:38+08:00 ]E_NOTICE: Undefined index: from(8)/www/hdcms/storage/view/compile/app_system_view_entry_login_php_1aa59.php (70).
[ 2017-01-07T17:47:38+08:00 ]E_NOTICE: Undefined index: from(8)/www/hdcms/storage/view/compile/app_system_view_entry_login_php_1aa59.php (70).
[ 2017-01-07T17:47:46+08:00 ]E_NOTICE: Undefined index: from(8)/www/hdcms/storage/view/compile/app_system_view_entry_login_php_1aa59.php (70).
[ 2017-01-07T17:47:46+08:00 ]E_NOTICE: Undefined index: from(8)/www/hdcms/storage/view/compile/app_system_view_entry_login_php_1aa59.php (70).
[ 2017-01-07T17:51:32+08:00 ]EXCEPTION: CSRF 令牌验证失败
[ 2017-01-07T17:51:56+08:00 ]E_NOTICE: Undefined index: from(8)/www/hdcms/storage/view/compile/app_system_view_entry_login_php_1aa59.php (71).
[ 2017-01-07T17:51:57+08:00 ]E_ERROR: Call to undefined function app\system\controller\service()(E_ERROR)/www/hdcms/app/system/controller/Entry.php (66).
[ 2017-01-07T17:53:12+08:00 ]E_NOTICE: Undefined index: from(8)/www/hdcms/storage/view/compile/app_system_view_entry_login_php_1aa59.php (71).
[ 2017-01-07T17:53:14+08:00 ]E_ERROR: Call to undefined function app\system\controller\service()(E_ERROR)/www/hdcms/app/system/controller/Entry.php (67).
[ 2017-01-07T17:53:44+08:00 ]E_ERROR: Call to undefined function app\system\controller\service()(E_ERROR)/www/hdcms/app/system/controller/Entry.php (67).
[ 2017-01-07T17:54:16+08:00 ]E_ERROR: Call to undefined function app\system\controller\service()(E_ERROR)/www/hdcms/app/system/controller/Entry.php (67).
[ 2017-01-07T17:57:54+08:00 ]E_ERROR: Call to undefined function app\system\controller\service()(E_ERROR)/www/hdcms/app/system/controller/Entry.php (67).
[ 2017-01-07T17:58:04+08:00 ]E_ERROR: Call to undefined function app\system\controller\service()(E_ERROR)/www/hdcms/app/system/controller/Entry.php (67).
[ 2017-01-07T18:00:20+08:00 ]E_ERROR: Call to undefined function app\system\controller\service()(E_ERROR)/www/hdcms/app/system/controller/Entry.php (69).
[ 2017-01-07T18:00:22+08:00 ]E_ERROR: Call to undefined function app\system\controller\service()(E_ERROR)/www/hdcms/app/system/controller/Entry.php (69).
[ 2017-01-07T18:00:42+08:00 ]E_ERROR: Call to undefined function app\system\controller\service()(E_ERROR)/www/hdcms/app/system/controller/Entry.php (69).
[ 2017-01-07T18:01:00+08:00 ]E_ERROR: Call to undefined function app\system\controller\service()(E_ERROR)/www/hdcms/app/system/controller/Entry.php (69).
[ 2017-01-07T18:01:07+08:00 ]E_NOTICE: Undefined index: from(8)/www/hdcms/storage/view/compile/app_system_view_entry_login_php_1aa59.php (71).
[ 2017-01-07T18:01:10+08:00 ]E_NOTICE: Undefined variable: url(8)/www/hdcms/storage/view/compile/_www_hdcms_resource_view_validate_php_0cb94.php (47).
[ 2017-01-07T18:01:10+08:00 ]E_NOTICE: Undefined variable: timeout(8)/www/hdcms/storage/view/compile/_www_hdcms_resource_view_validate_php_0cb94.php (47).
[ 2017-01-07T18:01:18+08:00 ]E_NOTICE: Undefined index: from(8)/www/hdcms/storage/view/compile/app_system_view_entry_login_php_1aa59.php (71).
[ 2017-01-07T18:01:23+08:00 ]E_NOTICE: Undefined variable: url(8)/www/hdcms/storage/view/compile/_www_hdcms_resource_view_validate_php_0cb94.php (47).
[ 2017-01-07T18:01:23+08:00 ]E_NOTICE: Undefined variable: timeout(8)/www/hdcms/storage/view/compile/_www_hdcms_resource_view_validate_php_0cb94.php (47).
[ 2017-01-07T18:03:29+08:00 ]E_NOTICE: Undefined index: from(8)/www/hdcms/storage/view/compile/app_system_view_entry_login_php_1aa59.php (71).
[ 2017-01-07T18:03:32+08:00 ]E_ERROR: Call to undefined function app\system\controller\service()(E_ERROR)/www/hdcms/app/system/controller/Entry.php (69).
[ 2017-01-07T18:03:35+08:00 ]E_NOTICE: Undefined index: from(8)/www/hdcms/storage/view/compile/app_system_view_entry_login_php_1aa59.php (71).
[ 2017-01-07T18:03:43+08:00 ]E_NOTICE: Undefined index: from(8)/www/hdcms/storage/view/compile/app_system_view_entry_login_php_1aa59.php (71).
[ 2017-01-07T18:06:27+08:00 ]E_ERROR: Call to undefined function app\system\controller\service()(E_ERROR)/www/hdcms/app/system/controller/Entry.php (69).
[ 2017-01-07T18:25:19+08:00 ]E_WARNING: Class '' not found(2)/www/hdcms/vendor/houdunwang/framework/src/build/Base.php (79).
[ 2017-01-07T18:26:18+08:00 ]E_WARNING: Class '' not found(2)/www/hdcms/vendor/houdunwang/framework/src/build/Base.php (79).
[ 2017-01-07T18:26:45+08:00 ]E_WARNING: Class '' not found(2)/www/hdcms/vendor/houdunwang/framework/src/build/Base.php (79).
[ 2017-01-07T18:27:24+08:00 ]E_WARNING: Class '' not found(2)/www/hdcms/vendor/houdunwang/framework/src/build/Base.php (79).
[ 2017-01-07T18:31:01+08:00 ]EXCEPTION: Class system\service\User\User does not exist
[ 2017-01-07T18:31:46+08:00 ]EXCEPTION: Class system\service\User\User does not exist
[ 2017-01-07T18:31:56+08:00 ]EXCEPTION: Class system\service\User\User does not exist
[ 2017-01-07T18:32:10+08:00 ]E_NOTICE: Undefined index: User(8)/www/hdcms/vendor/houdunwang/framework/src/build/Base.php (77).
[ 2017-01-07T18:32:30+08:00 ]EXCEPTION: Class system\service\User\User does not exist
[ 2017-01-07T18:33:00+08:00 ]E_ERROR: Class 'houdunwang\cli\build\make\Dir' not found(E_ERROR)/www/hdcms/vendor/houdunwang/cli/src/build/make/Make.php (142).
[ 2017-01-07T18:33:38+08:00 ]E_ERROR: Class 'houdunwang\cli\build\make\Dir' not found(E_ERROR)/www/hdcms/vendor/houdunwang/cli/src/build/make/Make.php (142).
[ 2017-01-07T18:34:16+08:00 ]E_ERROR: Class 'houdunwang\cli\build\make\Dir' not found(E_ERROR)/www/hdcms/vendor/houdunwang/cli/src/build/make/Make.php (142).
[ 2017-01-07T18:34:18+08:00 ]E_ERROR: Class 'houdunwang\cli\build\make\Dir' not found(E_ERROR)/www/hdcms/vendor/houdunwang/cli/src/build/make/Make.php (142).
[ 2017-01-07T18:34:20+08:00 ]E_ERROR: Class 'houdunwang\cli\build\make\Dir' not found(E_ERROR)/www/hdcms/vendor/houdunwang/cli/src/build/make/Make.php (142).
[ 2017-01-07T18:34:24+08:00 ]E_ERROR: Class 'houdunwang\cli\build\make\Dir' not found(E_ERROR)/www/hdcms/vendor/houdunwang/cli/src/build/make/Make.php (142).
[ 2017-01-07T18:34:30+08:00 ]E_ERROR: Class 'houdunwang\cli\build\make\Dir' not found(E_ERROR)/www/hdcms/vendor/houdunwang/cli/src/build/make/Make.php (142).
[ 2017-01-07T18:34:48+08:00 ]E_ERROR: Class 'houdunwang\cli\build\make\Dir' not found(E_ERROR)/www/hdcms/vendor/houdunwang/cli/src/build/make/Make.php (142).
[ 2017-01-07T18:34:55+08:00 ]E_ERROR: Class 'houdunwang\cli\build\make\Dir' not found(E_ERROR)/www/hdcms/vendor/houdunwang/cli/src/build/make/Make.php (142).
[ 2017-01-07T18:35:52+08:00 ]E_WARNING: call_user_func_array() expects parameter 1 to be a valid callback, class 'houdunwang\dir\DirFacade' does not have a method 'create'(2)/www/hdcms/vendor/houdunwang/framework/src/build/Facade.php (42).
